<?xml version="1.0" encoding="UTF-8"?>
<Site BuildName="Linux-g++"
	BuildStamp="20240130-0416-Experimental"
	Name="awlN751JX"
	Generator="ctest-3.22.1"
	CompilerName="/usr/bin/g++"
	CompilerVersion="11.4.0"
	OSName="Linux"
	Hostname="awlN751JX"
	OSRelease="6.5.0-14-generic"
	OSVersion="#14~22.04.1-Ubuntu SMP PREEMPT_DYNAMIC Mon Nov 20 18:15:30 UTC 2"
	OSPlatform="x86_64"
	Is64Bits="1"
	VendorString="GenuineIntel"
	VendorID="Intel Corporation"
	FamilyID="6"
	ModelID="60"
	ProcessorCacheSize="6144"
	NumberOfLogicalCPU="8"
	NumberOfPhysicalCPU="4"
	TotalVirtualMemory="2047"
	TotalPhysicalMemory="7819"
	LogicalProcessorsPerPhysical="2"
	ProcessorClockFrequency="3296.86"
	>
	<Testing>
		<StartDateTime>Jan 30 11:16 +07</StartDateTime>
		<StartTestTime>1706588162</StartTestTime>
		<TestList/>
		<EndDateTime>Jan 30 11:16 +07</EndDateTime>
		<EndTestTime>1706588162</EndTestTime>
		<ElapsedMinutes>0</ElapsedMinutes>
	</Testing>
</Site>
